WARNING - 2024-02-18 06:01:58 --> [DEPRECATED] Creation of dynamic property App\Controllers\User::$ModelUser is deprecated in APPPATH\Controllers\User.php on line 13.
 1 SYSTEMPATH\CodeIgniter.php(913): App\Controllers\User->__construct()
 2 SYSTEMPATH\CodeIgniter.php(493): CodeIgniter\CodeIgniter->createController()
 3 SYSTEMPATH\CodeIgniter.php(361): CodeIgniter\CodeIgniter->handleRequest(null, Object(Config\Cache), false)
 4 FCPATH\index.php(79): CodeIgniter\CodeIgniter->run()
INFO - 2024-02-18 06:01:58 --> Session: Class initialized using 'CodeIgniter\Session\Handlers\FileHandler' driver.
WARNING - 2024-02-18 06:02:41 --> [DEPRECATED] Creation of dynamic property App\Controllers\User::$ModelUser is deprecated in APPPATH\Controllers\User.php on line 13.
 1 SYSTEMPATH\CodeIgniter.php(913): App\Controllers\User->__construct()
 2 SYSTEMPATH\CodeIgniter.php(493): CodeIgniter\CodeIgniter->createController()
 3 SYSTEMPATH\CodeIgniter.php(361): CodeIgniter\CodeIgniter->handleRequest(null, Object(Config\Cache), false)
 4 FCPATH\index.php(79): CodeIgniter\CodeIgniter->run()
ERROR - 2024-02-18 06:02:41 --> mysqli_sql_exception: Unknown column 'nama_user' in 'field list' in C:\xamppp\htdocs\kasircake-ci4\system\Database\MySQLi\Connection.php:306
Stack trace:
#0 C:\xamppp\htdocs\kasircake-ci4\system\Database\MySQLi\Connection.php(306): mysqli->query('INSERT INTO `us...', 0)
#1 C:\xamppp\htdocs\kasircake-ci4\system\Database\BaseConnection.php(693): CodeIgniter\Database\MySQLi\Connection->execute('INSERT INTO `us...')
#2 C:\xamppp\htdocs\kasircake-ci4\system\Database\BaseConnection.php(607): CodeIgniter\Database\BaseConnection->simpleQuery('INSERT INTO `us...')
#3 C:\xamppp\htdocs\kasircake-ci4\system\Database\BaseBuilder.php(2307): CodeIgniter\Database\BaseConnection->query('INSERT INTO `us...', Array, false)
#4 C:\xamppp\htdocs\kasircake-ci4\app\Models\ModelUser.php(24): CodeIgniter\Database\BaseBuilder->insert(Array)
#5 C:\xamppp\htdocs\kasircake-ci4\app\Controllers\User.php(38): App\Models\ModelUser->InsertData(Array)
#6 C:\xamppp\htdocs\kasircake-ci4\system\CodeIgniter.php(941): App\Controllers\User->InsertData()
#7 C:\xamppp\htdocs\kasircake-ci4\system\CodeIgniter.php(502): CodeIgniter\CodeIgniter->runController(Object(App\Controllers\User))
#8 C:\xamppp\htdocs\kasircake-ci4\system\CodeIgniter.php(361): CodeIgniter\CodeIgniter->handleRequest(NULL, Object(Config\Cache), false)
#9 C:\xamppp\htdocs\kasircake-ci4\public\index.php(79): CodeIgniter\CodeIgniter->run()
#10 {main}
CRITICAL - 2024-02-18 06:02:41 --> CodeIgniter\Database\Exceptions\DatabaseException: Unknown column 'nama_user' in 'field list'
in SYSTEMPATH\Database\BaseConnection.php on line 647.
 1 SYSTEMPATH\Database\BaseBuilder.php(2307): CodeIgniter\Database\BaseConnection->query('INSERT INTO `user` (`nama_user`, `email`, `password`, `level`) VALUES (:nama_user:, :email:, :password:, :level:)', [...], false)
 2 APPPATH\Models\ModelUser.php(24): CodeIgniter\Database\BaseBuilder->insert([...])
 3 APPPATH\Controllers\User.php(38): App\Models\ModelUser->InsertData([...])
 4 SYSTEMPATH\CodeIgniter.php(941): App\Controllers\User->InsertData()
 5 SYSTEMPATH\CodeIgniter.php(502): CodeIgniter\CodeIgniter->runController(Object(App\Controllers\User))
 6 SYSTEMPATH\CodeIgniter.php(361): CodeIgniter\CodeIgniter->handleRequest(null, Object(Config\Cache), false)
 7 FCPATH\index.php(79): CodeIgniter\CodeIgniter->run()
CRITICAL - 2024-02-18 06:02:41 --> [Caused by] CodeIgniter\Database\Exceptions\DatabaseException: Unknown column 'nama_user' in 'field list'
in SYSTEMPATH\Database\MySQLi\Connection.php on line 311.
 1 SYSTEMPATH\Database\BaseConnection.php(693): CodeIgniter\Database\MySQLi\Connection->execute('INSERT INTO `user` (`nama_user`, `email`, `password`, `level`) VALUES (\'haru\', \'ruru@gmail.com\', \'40bd001563085fc35165329ea1ff5c5ecbdbbeef\', \'1\')')
 2 SYSTEMPATH\Database\BaseConnection.php(607): CodeIgniter\Database\BaseConnection->simpleQuery('INSERT INTO `user` (`nama_user`, `email`, `password`, `level`) VALUES (\'haru\', \'ruru@gmail.com\', \'40bd001563085fc35165329ea1ff5c5ecbdbbeef\', \'1\')')
 3 SYSTEMPATH\Database\BaseBuilder.php(2307): CodeIgniter\Database\BaseConnection->query('INSERT INTO `user` (`nama_user`, `email`, `password`, `level`) VALUES (:nama_user:, :email:, :password:, :level:)', [...], false)
 4 APPPATH\Models\ModelUser.php(24): CodeIgniter\Database\BaseBuilder->insert([...])
 5 APPPATH\Controllers\User.php(38): App\Models\ModelUser->InsertData([...])
 6 SYSTEMPATH\CodeIgniter.php(941): App\Controllers\User->InsertData()
 7 SYSTEMPATH\CodeIgniter.php(502): CodeIgniter\CodeIgniter->runController(Object(App\Controllers\User))
 8 SYSTEMPATH\CodeIgniter.php(361): CodeIgniter\CodeIgniter->handleRequest(null, Object(Config\Cache), false)
 9 FCPATH\index.php(79): CodeIgniter\CodeIgniter->run()
CRITICAL - 2024-02-18 06:02:41 --> [Caused by] mysqli_sql_exception: Unknown column 'nama_user' in 'field list'
in SYSTEMPATH\Database\MySQLi\Connection.php on line 306.
 1 SYSTEMPATH\Database\MySQLi\Connection.php(306): mysqli->query('INSERT INTO `user` (`nama_user`, `email`, `password`, `level`) VALUES (\'haru\', \'ruru@gmail.com\', \'40bd001563085fc35165329ea1ff5c5ecbdbbeef\', \'1\')', 0)
 2 SYSTEMPATH\Database\BaseConnection.php(693): CodeIgniter\Database\MySQLi\Connection->execute('INSERT INTO `user` (`nama_user`, `email`, `password`, `level`) VALUES (\'haru\', \'ruru@gmail.com\', \'40bd001563085fc35165329ea1ff5c5ecbdbbeef\', \'1\')')
 3 SYSTEMPATH\Database\BaseConnection.php(607): CodeIgniter\Database\BaseConnection->simpleQuery('INSERT INTO `user` (`nama_user`, `email`, `password`, `level`) VALUES (\'haru\', \'ruru@gmail.com\', \'40bd001563085fc35165329ea1ff5c5ecbdbbeef\', \'1\')')
 4 SYSTEMPATH\Database\BaseBuilder.php(2307): CodeIgniter\Database\BaseConnection->query('INSERT INTO `user` (`nama_user`, `email`, `password`, `level`) VALUES (:nama_user:, :email:, :password:, :level:)', [...], false)
 5 APPPATH\Models\ModelUser.php(24): CodeIgniter\Database\BaseBuilder->insert([...])
 6 APPPATH\Controllers\User.php(38): App\Models\ModelUser->InsertData([...])
 7 SYSTEMPATH\CodeIgniter.php(941): App\Controllers\User->InsertData()
 8 SYSTEMPATH\CodeIgniter.php(502): CodeIgniter\CodeIgniter->runController(Object(App\Controllers\User))
 9 SYSTEMPATH\CodeIgniter.php(361): CodeIgniter\CodeIgniter->handleRequest(null, Object(Config\Cache), false)
10 FCPATH\index.php(79): CodeIgniter\CodeIgniter->run()
CRITICAL - 2024-02-18 06:03:30 --> ErrorException: Undefined property: App\Controllers\User::$ModelUser
in APPPATH\Controllers\User.php on line 38.
 1 APPPATH\Controllers\User.php(38): CodeIgniter\Debug\Exceptions->errorHandler(2, 'Undefined property: App\\Controllers\\User::$ModelUser', 'C:\\xamppp\\htdocs\\kasircake-ci4\\app\\Controllers\\User.php', 38)
 2 SYSTEMPATH\CodeIgniter.php(941): App\Controllers\User->InsertData()
 3 SYSTEMPATH\CodeIgniter.php(502): CodeIgniter\CodeIgniter->runController(Object(App\Controllers\User))
 4 SYSTEMPATH\CodeIgniter.php(361): CodeIgniter\CodeIgniter->handleRequest(null, Object(Config\Cache), false)
 5 FCPATH\index.php(79): CodeIgniter\CodeIgniter->run()
CRITICAL - 2024-02-18 06:04:10 --> ErrorException: Undefined property: App\Controllers\User::$ModelUser
in APPPATH\Controllers\User.php on line 38.
 1 APPPATH\Controllers\User.php(38): CodeIgniter\Debug\Exceptions->errorHandler(2, 'Undefined property: App\\Controllers\\User::$ModelUser', 'C:\\xamppp\\htdocs\\kasircake-ci4\\app\\Controllers\\User.php', 38)
 2 SYSTEMPATH\CodeIgniter.php(941): App\Controllers\User->InsertData()
 3 SYSTEMPATH\CodeIgniter.php(502): CodeIgniter\CodeIgniter->runController(Object(App\Controllers\User))
 4 SYSTEMPATH\CodeIgniter.php(361): CodeIgniter\CodeIgniter->handleRequest(null, Object(Config\Cache), false)
 5 FCPATH\index.php(79): CodeIgniter\CodeIgniter->run()
CRITICAL - 2024-02-18 06:04:20 --> ErrorException: Undefined property: App\Controllers\User::$ModelUser
in APPPATH\Controllers\User.php on line 38.
 1 APPPATH\Controllers\User.php(38): CodeIgniter\Debug\Exceptions->errorHandler(2, 'Undefined property: App\\Controllers\\User::$ModelUser', 'C:\\xamppp\\htdocs\\kasircake-ci4\\app\\Controllers\\User.php', 38)
 2 SYSTEMPATH\CodeIgniter.php(941): App\Controllers\User->InsertData()
 3 SYSTEMPATH\CodeIgniter.php(502): CodeIgniter\CodeIgniter->runController(Object(App\Controllers\User))
 4 SYSTEMPATH\CodeIgniter.php(361): CodeIgniter\CodeIgniter->handleRequest(null, Object(Config\Cache), false)
 5 FCPATH\index.php(79): CodeIgniter\CodeIgniter->run()
CRITICAL - 2024-02-18 06:05:10 --> ErrorException: Undefined property: App\Controllers\User::$ModelUser
in APPPATH\Controllers\User.php on line 38.
 1 APPPATH\Controllers\User.php(38): CodeIgniter\Debug\Exceptions->errorHandler(2, 'Undefined property: App\\Controllers\\User::$ModelUser', 'C:\\xamppp\\htdocs\\kasircake-ci4\\app\\Controllers\\User.php', 38)
 2 SYSTEMPATH\CodeIgniter.php(941): App\Controllers\User->InsertData()
 3 SYSTEMPATH\CodeIgniter.php(502): CodeIgniter\CodeIgniter->runController(Object(App\Controllers\User))
 4 SYSTEMPATH\CodeIgniter.php(361): CodeIgniter\CodeIgniter->handleRequest(null, Object(Config\Cache), false)
 5 FCPATH\index.php(79): CodeIgniter\CodeIgniter->run()
INFO - 2024-02-18 06:05:33 --> Session: Class initialized using 'CodeIgniter\Session\Handlers\FileHandler' driver.
CRITICAL - 2024-02-18 06:05:33 --> ErrorException: Undefined property: App\Controllers\User::$ModelUser
in APPPATH\Controllers\User.php on line 25.
 1 APPPATH\Controllers\User.php(25): CodeIgniter\Debug\Exceptions->errorHandler(2, 'Undefined property: App\\Controllers\\User::$ModelUser', 'C:\\xamppp\\htdocs\\kasircake-ci4\\app\\Controllers\\User.php', 25)
 2 SYSTEMPATH\CodeIgniter.php(941): App\Controllers\User->index()
 3 SYSTEMPATH\CodeIgniter.php(502): CodeIgniter\CodeIgniter->runController(Object(App\Controllers\User))
 4 SYSTEMPATH\CodeIgniter.php(361): CodeIgniter\CodeIgniter->handleRequest(null, Object(Config\Cache), false)
 5 FCPATH\index.php(79): CodeIgniter\CodeIgniter->run()
INFO - 2024-02-18 06:06:00 --> Session: Class initialized using 'CodeIgniter\Session\Handlers\FileHandler' driver.
CRITICAL - 2024-02-18 06:06:00 --> ErrorException: Undefined array key "nama_user"
in APPPATH\Views\v_user.php on line 39.
 1 APPPATH\Views\v_user.php(39): CodeIgniter\Debug\Exceptions->errorHandler(2, 'Undefined array key "nama_user"', 'C:\\xamppp\\htdocs\\kasircake-ci4\\app\\Views\\v_user.php', 39)
 2 SYSTEMPATH\View\View.php(228): include('C:\\xamppp\\htdocs\\kasircake-ci4\\app\\Views\\v_user.php')
 3 SYSTEMPATH\View\View.php(231): CodeIgniter\View\View->CodeIgniter\View\{closure}()
 4 SYSTEMPATH\Common.php(1178): CodeIgniter\View\View->render('v_user', [], true)
 5 APPPATH\Views\v_template.php(150): view('v_user')
 6 SYSTEMPATH\View\View.php(228): include('C:\\xamppp\\htdocs\\kasircake-ci4\\app\\Views\\v_template.php')
 7 SYSTEMPATH\View\View.php(231): CodeIgniter\View\View->CodeIgniter\View\{closure}()
 8 SYSTEMPATH\Common.php(1178): CodeIgniter\View\View->render('v_template', [], true)
 9 APPPATH\Controllers\User.php(27): view('v_template', [...])
10 SYSTEMPATH\CodeIgniter.php(941): App\Controllers\User->index()
11 SYSTEMPATH\CodeIgniter.php(502): CodeIgniter\CodeIgniter->runController(Object(App\Controllers\User))
12 SYSTEMPATH\CodeIgniter.php(361): CodeIgniter\CodeIgniter->handleRequest(null, Object(Config\Cache), false)
13 FCPATH\index.php(79): CodeIgniter\CodeIgniter->run()
INFO - 2024-02-18 06:06:30 --> Session: Class initialized using 'CodeIgniter\Session\Handlers\FileHandler' driver.
CRITICAL - 2024-02-18 06:06:30 --> ErrorException: Undefined array key "nama_user"
in APPPATH\Views\v_user.php on line 39.
 1 APPPATH\Views\v_user.php(39): CodeIgniter\Debug\Exceptions->errorHandler(2, 'Undefined array key "nama_user"', 'C:\\xamppp\\htdocs\\kasircake-ci4\\app\\Views\\v_user.php', 39)
 2 SYSTEMPATH\View\View.php(228): include('C:\\xamppp\\htdocs\\kasircake-ci4\\app\\Views\\v_user.php')
 3 SYSTEMPATH\View\View.php(231): CodeIgniter\View\View->CodeIgniter\View\{closure}()
 4 SYSTEMPATH\Common.php(1178): CodeIgniter\View\View->render('v_user', [], true)
 5 APPPATH\Views\v_template.php(150): view('v_user')
 6 SYSTEMPATH\View\View.php(228): include('C:\\xamppp\\htdocs\\kasircake-ci4\\app\\Views\\v_template.php')
 7 SYSTEMPATH\View\View.php(231): CodeIgniter\View\View->CodeIgniter\View\{closure}()
 8 SYSTEMPATH\Common.php(1178): CodeIgniter\View\View->render('v_template', [], true)
 9 APPPATH\Controllers\User.php(27): view('v_template', [...])
10 SYSTEMPATH\CodeIgniter.php(941): App\Controllers\User->index()
11 SYSTEMPATH\CodeIgniter.php(502): CodeIgniter\CodeIgniter->runController(Object(App\Controllers\User))
12 SYSTEMPATH\CodeIgniter.php(361): CodeIgniter\CodeIgniter->handleRequest(null, Object(Config\Cache), false)
13 FCPATH\index.php(79): CodeIgniter\CodeIgniter->run()
INFO - 2024-02-18 06:06:37 --> Session: Class initialized using 'CodeIgniter\Session\Handlers\FileHandler' driver.
INFO - 2024-02-18 06:06:46 --> Session: Class initialized using 'CodeIgniter\Session\Handlers\FileHandler' driver.
INFO - 2024-02-18 06:06:46 --> Session: Class initialized using 'CodeIgniter\Session\Handlers\FileHandler' driver.
INFO - 2024-02-18 06:06:57 --> Session: Class initialized using 'CodeIgniter\Session\Handlers\FileHandler' driver.
INFO - 2024-02-18 06:06:58 --> Session: Class initialized using 'CodeIgniter\Session\Handlers\FileHandler' driver.
INFO - 2024-02-18 06:07:02 --> Session: Class initialized using 'CodeIgniter\Session\Handlers\FileHandler' driver.
INFO - 2024-02-18 06:07:03 --> Session: Class initialized using 'CodeIgniter\Session\Handlers\FileHandler' driver.
INFO - 2024-02-18 06:07:08 --> Session: Class initialized using 'CodeIgniter\Session\Handlers\FileHandler' driver.
INFO - 2024-02-18 06:07:20 --> Session: Class initialized using 'CodeIgniter\Session\Handlers\FileHandler' driver.
INFO - 2024-02-18 06:07:20 --> Session: Class initialized using 'CodeIgniter\Session\Handlers\FileHandler' driver.
INFO - 2024-02-18 06:07:32 --> Session: Class initialized using 'CodeIgniter\Session\Handlers\FileHandler' driver.
INFO - 2024-02-18 06:07:32 --> Session: Class initialized using 'CodeIgniter\Session\Handlers\FileHandler' driver.
INFO - 2024-02-18 06:07:38 --> Session: Class initialized using 'CodeIgniter\Session\Handlers\FileHandler' driver.
INFO - 2024-02-18 06:07:38 --> Session: Class initialized using 'CodeIgniter\Session\Handlers\FileHandler' driver.
INFO - 2024-02-18 06:07:43 --> Session: Class initialized using 'CodeIgniter\Session\Handlers\FileHandler' driver.
INFO - 2024-02-18 06:10:19 --> Session: Class initialized using 'CodeIgniter\Session\Handlers\FileHandler' driver.
INFO - 2024-02-18 06:10:21 --> Session: Class initialized using 'CodeIgniter\Session\Handlers\FileHandler' driver.
WARNING - 2024-02-18 06:10:23 --> [DEPRECATED] Creation of dynamic property App\Controllers\Penjualan::$ModelPenjualan is deprecated in APPPATH\Controllers\Penjualan.php on line 12.
 1 SYSTEMPATH\CodeIgniter.php(913): App\Controllers\Penjualan->__construct()
 2 SYSTEMPATH\CodeIgniter.php(493): CodeIgniter\CodeIgniter->createController()
 3 SYSTEMPATH\CodeIgniter.php(361): CodeIgniter\CodeIgniter->handleRequest(null, Object(Config\Cache), false)
 4 FCPATH\index.php(79): CodeIgniter\CodeIgniter->run()
ERROR - 2024-02-18 06:10:23 --> mysqli_sql_exception: Table 'kasirkue.tbl_jual' doesn't exist in C:\xamppp\htdocs\kasircake-ci4\system\Database\MySQLi\Connection.php:306
Stack trace:
#0 C:\xamppp\htdocs\kasircake-ci4\system\Database\MySQLi\Connection.php(306): mysqli->query('SELECT MAX(RIGH...', 0)
#1 C:\xamppp\htdocs\kasircake-ci4\system\Database\BaseConnection.php(693): CodeIgniter\Database\MySQLi\Connection->execute('SELECT MAX(RIGH...')
#2 C:\xamppp\htdocs\kasircake-ci4\system\Database\BaseConnection.php(607): CodeIgniter\Database\BaseConnection->simpleQuery('SELECT MAX(RIGH...')
#3 C:\xamppp\htdocs\kasircake-ci4\app\Models\ModelPenjualan.php(12): CodeIgniter\Database\BaseConnection->query('SELECT MAX(RIGH...')
#4 C:\xamppp\htdocs\kasircake-ci4\app\Controllers\Penjualan.php(18): App\Models\ModelPenjualan->NoFaktur()
#5 C:\xamppp\htdocs\kasircake-ci4\system\CodeIgniter.php(941): App\Controllers\Penjualan->index()
#6 C:\xamppp\htdocs\kasircake-ci4\system\CodeIgniter.php(502): CodeIgniter\CodeIgniter->runController(Object(App\Controllers\Penjualan))
#7 C:\xamppp\htdocs\kasircake-ci4\system\CodeIgniter.php(361): CodeIgniter\CodeIgniter->handleRequest(NULL, Object(Config\Cache), false)
#8 C:\xamppp\htdocs\kasircake-ci4\public\index.php(79): CodeIgniter\CodeIgniter->run()
#9 {main}
CRITICAL - 2024-02-18 06:10:23 --> CodeIgniter\Database\Exceptions\DatabaseException: Table 'kasirkue.tbl_jual' doesn't exist
in SYSTEMPATH\Database\BaseConnection.php on line 647.
 1 APPPATH\Models\ModelPenjualan.php(12): CodeIgniter\Database\BaseConnection->query('SELECT MAX(RIGHT(no_faktur,4)) as no_urut from tbl_jual where DATE(tgl_jual)=\'20240218\'')
 2 APPPATH\Controllers\Penjualan.php(18): App\Models\ModelPenjualan->NoFaktur()
 3 SYSTEMPATH\CodeIgniter.php(941): App\Controllers\Penjualan->index()
 4 SYSTEMPATH\CodeIgniter.php(502): CodeIgniter\CodeIgniter->runController(Object(App\Controllers\Penjualan))
 5 SYSTEMPATH\CodeIgniter.php(361): CodeIgniter\CodeIgniter->handleRequest(null, Object(Config\Cache), false)
 6 FCPATH\index.php(79): CodeIgniter\CodeIgniter->run()
CRITICAL - 2024-02-18 06:10:23 --> [Caused by] CodeIgniter\Database\Exceptions\DatabaseException: Table 'kasirkue.tbl_jual' doesn't exist
in SYSTEMPATH\Database\MySQLi\Connection.php on line 311.
 1 SYSTEMPATH\Database\BaseConnection.php(693): CodeIgniter\Database\MySQLi\Connection->execute('SELECT MAX(RIGHT(no_faktur,4)) as no_urut from tbl_jual where DATE(tgl_jual)=\'20240218\'')
 2 SYSTEMPATH\Database\BaseConnection.php(607): CodeIgniter\Database\BaseConnection->simpleQuery('SELECT MAX(RIGHT(no_faktur,4)) as no_urut from tbl_jual where DATE(tgl_jual)=\'20240218\'')
 3 APPPATH\Models\ModelPenjualan.php(12): CodeIgniter\Database\BaseConnection->query('SELECT MAX(RIGHT(no_faktur,4)) as no_urut from tbl_jual where DATE(tgl_jual)=\'20240218\'')
 4 APPPATH\Controllers\Penjualan.php(18): App\Models\ModelPenjualan->NoFaktur()
 5 SYSTEMPATH\CodeIgniter.php(941): App\Controllers\Penjualan->index()
 6 SYSTEMPATH\CodeIgniter.php(502): CodeIgniter\CodeIgniter->runController(Object(App\Controllers\Penjualan))
 7 SYSTEMPATH\CodeIgniter.php(361): CodeIgniter\CodeIgniter->handleRequest(null, Object(Config\Cache), false)
 8 FCPATH\index.php(79): CodeIgniter\CodeIgniter->run()
CRITICAL - 2024-02-18 06:10:23 --> [Caused by] mysqli_sql_exception: Table 'kasirkue.tbl_jual' doesn't exist
in SYSTEMPATH\Database\MySQLi\Connection.php on line 306.
 1 SYSTEMPATH\Database\MySQLi\Connection.php(306): mysqli->query('SELECT MAX(RIGHT(no_faktur,4)) as no_urut from tbl_jual where DATE(tgl_jual)=\'20240218\'', 0)
 2 SYSTEMPATH\Database\BaseConnection.php(693): CodeIgniter\Database\MySQLi\Connection->execute('SELECT MAX(RIGHT(no_faktur,4)) as no_urut from tbl_jual where DATE(tgl_jual)=\'20240218\'')
 3 SYSTEMPATH\Database\BaseConnection.php(607): CodeIgniter\Database\BaseConnection->simpleQuery('SELECT MAX(RIGHT(no_faktur,4)) as no_urut from tbl_jual where DATE(tgl_jual)=\'20240218\'')
 4 APPPATH\Models\ModelPenjualan.php(12): CodeIgniter\Database\BaseConnection->query('SELECT MAX(RIGHT(no_faktur,4)) as no_urut from tbl_jual where DATE(tgl_jual)=\'20240218\'')
 5 APPPATH\Controllers\Penjualan.php(18): App\Models\ModelPenjualan->NoFaktur()
 6 SYSTEMPATH\CodeIgniter.php(941): App\Controllers\Penjualan->index()
 7 SYSTEMPATH\CodeIgniter.php(502): CodeIgniter\CodeIgniter->runController(Object(App\Controllers\Penjualan))
 8 SYSTEMPATH\CodeIgniter.php(361): CodeIgniter\CodeIgniter->handleRequest(null, Object(Config\Cache), false)
 9 FCPATH\index.php(79): CodeIgniter\CodeIgniter->run()
INFO - 2024-02-18 06:10:25 --> Session: Class initialized using 'CodeIgniter\Session\Handlers\FileHandler' driver.
INFO - 2024-02-18 06:10:53 --> Session: Class initialized using 'CodeIgniter\Session\Handlers\FileHandler' driver.
CRITICAL - 2024-02-18 06:10:53 --> ErrorException: Undefined array key "nama_user"
in APPPATH\Views\v_user.php on line 39.
 1 APPPATH\Views\v_user.php(39): CodeIgniter\Debug\Exceptions->errorHandler(2, 'Undefined array key "nama_user"', 'C:\\xamppp\\htdocs\\kasircake-ci4\\app\\Views\\v_user.php', 39)
 2 SYSTEMPATH\View\View.php(228): include('C:\\xamppp\\htdocs\\kasircake-ci4\\app\\Views\\v_user.php')
 3 SYSTEMPATH\View\View.php(231): CodeIgniter\View\View->CodeIgniter\View\{closure}()
 4 SYSTEMPATH\Common.php(1178): CodeIgniter\View\View->render('v_user', [], true)
 5 APPPATH\Views\v_template.php(150): view('v_user')
 6 SYSTEMPATH\View\View.php(228): include('C:\\xamppp\\htdocs\\kasircake-ci4\\app\\Views\\v_template.php')
 7 SYSTEMPATH\View\View.php(231): CodeIgniter\View\View->CodeIgniter\View\{closure}()
 8 SYSTEMPATH\Common.php(1178): CodeIgniter\View\View->render('v_template', [], true)
 9 APPPATH\Controllers\User.php(27): view('v_template', [...])
10 SYSTEMPATH\CodeIgniter.php(941): App\Controllers\User->index()
11 SYSTEMPATH\CodeIgniter.php(502): CodeIgniter\CodeIgniter->runController(Object(App\Controllers\User))
12 SYSTEMPATH\CodeIgniter.php(361): CodeIgniter\CodeIgniter->handleRequest(null, Object(Config\Cache), false)
13 FCPATH\index.php(79): CodeIgniter\CodeIgniter->run()
INFO - 2024-02-18 06:13:31 --> Session: Class initialized using 'CodeIgniter\Session\Handlers\FileHandler' driver.
CRITICAL - 2024-02-18 06:13:31 --> ErrorException: Undefined array key "nama_user"
in APPPATH\Views\v_user.php on line 39.
 1 APPPATH\Views\v_user.php(39): CodeIgniter\Debug\Exceptions->errorHandler(2, 'Undefined array key "nama_user"', 'C:\\xamppp\\htdocs\\kasircake-ci4\\app\\Views\\v_user.php', 39)
 2 SYSTEMPATH\View\View.php(228): include('C:\\xamppp\\htdocs\\kasircake-ci4\\app\\Views\\v_user.php')
 3 SYSTEMPATH\View\View.php(231): CodeIgniter\View\View->CodeIgniter\View\{closure}()
 4 SYSTEMPATH\Common.php(1178): CodeIgniter\View\View->render('v_user', [], true)
 5 APPPATH\Views\v_template.php(150): view('v_user')
 6 SYSTEMPATH\View\View.php(228): include('C:\\xamppp\\htdocs\\kasircake-ci4\\app\\Views\\v_template.php')
 7 SYSTEMPATH\View\View.php(231): CodeIgniter\View\View->CodeIgniter\View\{closure}()
 8 SYSTEMPATH\Common.php(1178): CodeIgniter\View\View->render('v_template', [], true)
 9 APPPATH\Controllers\User.php(27): view('v_template', [...])
10 SYSTEMPATH\CodeIgniter.php(941): App\Controllers\User->index()
11 SYSTEMPATH\CodeIgniter.php(502): CodeIgniter\CodeIgniter->runController(Object(App\Controllers\User))
12 SYSTEMPATH\CodeIgniter.php(361): CodeIgniter\CodeIgniter->handleRequest(null, Object(Config\Cache), false)
13 FCPATH\index.php(79): CodeIgniter\CodeIgniter->run()
WARNING - 2024-02-18 06:19:54 --> [DEPRECATED] Creation of dynamic property App\Controllers\Penjualan::$ModelPenjualan is deprecated in APPPATH\Controllers\Penjualan.php on line 12.
 1 SYSTEMPATH\CodeIgniter.php(913): App\Controllers\Penjualan->__construct()
 2 SYSTEMPATH\CodeIgniter.php(493): CodeIgniter\CodeIgniter->createController()
 3 SYSTEMPATH\CodeIgniter.php(361): CodeIgniter\CodeIgniter->handleRequest(null, Object(Config\Cache), false)
 4 FCPATH\index.php(79): CodeIgniter\CodeIgniter->run()
ERROR - 2024-02-18 06:19:54 --> mysqli_sql_exception: Table 'kasirkue.tbl_jual' doesn't exist in C:\xamppp\htdocs\kasircake-ci4\system\Database\MySQLi\Connection.php:306
Stack trace:
#0 C:\xamppp\htdocs\kasircake-ci4\system\Database\MySQLi\Connection.php(306): mysqli->query('SELECT MAX(RIGH...', 0)
#1 C:\xamppp\htdocs\kasircake-ci4\system\Database\BaseConnection.php(693): CodeIgniter\Database\MySQLi\Connection->execute('SELECT MAX(RIGH...')
#2 C:\xamppp\htdocs\kasircake-ci4\system\Database\BaseConnection.php(607): CodeIgniter\Database\BaseConnection->simpleQuery('SELECT MAX(RIGH...')
#3 C:\xamppp\htdocs\kasircake-ci4\app\Models\ModelPenjualan.php(12): CodeIgniter\Database\BaseConnection->query('SELECT MAX(RIGH...')
#4 C:\xamppp\htdocs\kasircake-ci4\app\Controllers\Penjualan.php(18): App\Models\ModelPenjualan->NoFaktur()
#5 C:\xamppp\htdocs\kasircake-ci4\system\CodeIgniter.php(941): App\Controllers\Penjualan->index()
#6 C:\xamppp\htdocs\kasircake-ci4\system\CodeIgniter.php(502): CodeIgniter\CodeIgniter->runController(Object(App\Controllers\Penjualan))
#7 C:\xamppp\htdocs\kasircake-ci4\system\CodeIgniter.php(361): CodeIgniter\CodeIgniter->handleRequest(NULL, Object(Config\Cache), false)
#8 C:\xamppp\htdocs\kasircake-ci4\public\index.php(79): CodeIgniter\CodeIgniter->run()
#9 {main}
CRITICAL - 2024-02-18 06:19:54 --> CodeIgniter\Database\Exceptions\DatabaseException: Table 'kasirkue.tbl_jual' doesn't exist
in SYSTEMPATH\Database\BaseConnection.php on line 647.
 1 APPPATH\Models\ModelPenjualan.php(12): CodeIgniter\Database\BaseConnection->query('SELECT MAX(RIGHT(no_faktur,4)) as no_urut from tbl_jual where DATE(tgl_jual)=\'20240218\'')
 2 APPPATH\Controllers\Penjualan.php(18): App\Models\ModelPenjualan->NoFaktur()
 3 SYSTEMPATH\CodeIgniter.php(941): App\Controllers\Penjualan->index()
 4 SYSTEMPATH\CodeIgniter.php(502): CodeIgniter\CodeIgniter->runController(Object(App\Controllers\Penjualan))
 5 SYSTEMPATH\CodeIgniter.php(361): CodeIgniter\CodeIgniter->handleRequest(null, Object(Config\Cache), false)
 6 FCPATH\index.php(79): CodeIgniter\CodeIgniter->run()
CRITICAL - 2024-02-18 06:19:54 --> [Caused by] CodeIgniter\Database\Exceptions\DatabaseException: Table 'kasirkue.tbl_jual' doesn't exist
in SYSTEMPATH\Database\MySQLi\Connection.php on line 311.
 1 SYSTEMPATH\Database\BaseConnection.php(693): CodeIgniter\Database\MySQLi\Connection->execute('SELECT MAX(RIGHT(no_faktur,4)) as no_urut from tbl_jual where DATE(tgl_jual)=\'20240218\'')
 2 SYSTEMPATH\Database\BaseConnection.php(607): CodeIgniter\Database\BaseConnection->simpleQuery('SELECT MAX(RIGHT(no_faktur,4)) as no_urut from tbl_jual where DATE(tgl_jual)=\'20240218\'')
 3 APPPATH\Models\ModelPenjualan.php(12): CodeIgniter\Database\BaseConnection->query('SELECT MAX(RIGHT(no_faktur,4)) as no_urut from tbl_jual where DATE(tgl_jual)=\'20240218\'')
 4 APPPATH\Controllers\Penjualan.php(18): App\Models\ModelPenjualan->NoFaktur()
 5 SYSTEMPATH\CodeIgniter.php(941): App\Controllers\Penjualan->index()
 6 SYSTEMPATH\CodeIgniter.php(502): CodeIgniter\CodeIgniter->runController(Object(App\Controllers\Penjualan))
 7 SYSTEMPATH\CodeIgniter.php(361): CodeIgniter\CodeIgniter->handleRequest(null, Object(Config\Cache), false)
 8 FCPATH\index.php(79): CodeIgniter\CodeIgniter->run()
CRITICAL - 2024-02-18 06:19:54 --> [Caused by] mysqli_sql_exception: Table 'kasirkue.tbl_jual' doesn't exist
in SYSTEMPATH\Database\MySQLi\Connection.php on line 306.
 1 SYSTEMPATH\Database\MySQLi\Connection.php(306): mysqli->query('SELECT MAX(RIGHT(no_faktur,4)) as no_urut from tbl_jual where DATE(tgl_jual)=\'20240218\'', 0)
 2 SYSTEMPATH\Database\BaseConnection.php(693): CodeIgniter\Database\MySQLi\Connection->execute('SELECT MAX(RIGHT(no_faktur,4)) as no_urut from tbl_jual where DATE(tgl_jual)=\'20240218\'')
 3 SYSTEMPATH\Database\BaseConnection.php(607): CodeIgniter\Database\BaseConnection->simpleQuery('SELECT MAX(RIGHT(no_faktur,4)) as no_urut from tbl_jual where DATE(tgl_jual)=\'20240218\'')
 4 APPPATH\Models\ModelPenjualan.php(12): CodeIgniter\Database\BaseConnection->query('SELECT MAX(RIGHT(no_faktur,4)) as no_urut from tbl_jual where DATE(tgl_jual)=\'20240218\'')
 5 APPPATH\Controllers\Penjualan.php(18): App\Models\ModelPenjualan->NoFaktur()
 6 SYSTEMPATH\CodeIgniter.php(941): App\Controllers\Penjualan->index()
 7 SYSTEMPATH\CodeIgniter.php(502): CodeIgniter\CodeIgniter->runController(Object(App\Controllers\Penjualan))
 8 SYSTEMPATH\CodeIgniter.php(361): CodeIgniter\CodeIgniter->handleRequest(null, Object(Config\Cache), false)
 9 FCPATH\index.php(79): CodeIgniter\CodeIgniter->run()
WARNING - 2024-02-18 06:20:51 --> [DEPRECATED] Creation of dynamic property App\Controllers\Penjualan::$ModelPenjualan is deprecated in APPPATH\Controllers\Penjualan.php on line 12.
 1 SYSTEMPATH\CodeIgniter.php(913): App\Controllers\Penjualan->__construct()
 2 SYSTEMPATH\CodeIgniter.php(493): CodeIgniter\CodeIgniter->createController()
 3 SYSTEMPATH\CodeIgniter.php(361): CodeIgniter\CodeIgniter->handleRequest(null, Object(Config\Cache), false)
 4 FCPATH\index.php(79): CodeIgniter\CodeIgniter->run()
CRITICAL - 2024-02-18 06:20:51 --> Error: Class "App\Controllers\ModelPenjualan" not found
in APPPATH\Controllers\BaseController.php on line 70.
 1 SYSTEMPATH\CodeIgniter.php(914): App\Controllers\BaseController->initController(Object(CodeIgniter\HTTP\IncomingRequest), Object(CodeIgniter\HTTP\Response), Object(CodeIgniter\Log\Logger))
 2 SYSTEMPATH\CodeIgniter.php(493): CodeIgniter\CodeIgniter->createController()
 3 SYSTEMPATH\CodeIgniter.php(361): CodeIgniter\CodeIgniter->handleRequest(null, Object(Config\Cache), false)
 4 FCPATH\index.php(79): CodeIgniter\CodeIgniter->run()
WARNING - 2024-02-18 06:22:04 --> [DEPRECATED] Creation of dynamic property App\Controllers\Penjualan::$ModelPenjualan is deprecated in APPPATH\Controllers\Penjualan.php on line 12.
 1 SYSTEMPATH\CodeIgniter.php(913): App\Controllers\Penjualan->__construct()
 2 SYSTEMPATH\CodeIgniter.php(493): CodeIgniter\CodeIgniter->createController()
 3 SYSTEMPATH\CodeIgniter.php(361): CodeIgniter\CodeIgniter->handleRequest(null, Object(Config\Cache), false)
 4 FCPATH\index.php(79): CodeIgniter\CodeIgniter->run()
ERROR - 2024-02-18 06:22:04 --> mysqli_sql_exception: Table 'kasirkue.tbl_jual' doesn't exist in C:\xamppp\htdocs\kasircake-ci4\system\Database\MySQLi\Connection.php:306
Stack trace:
#0 C:\xamppp\htdocs\kasircake-ci4\system\Database\MySQLi\Connection.php(306): mysqli->query('SELECT MAX(RIGH...', 0)
#1 C:\xamppp\htdocs\kasircake-ci4\system\Database\BaseConnection.php(693): CodeIgniter\Database\MySQLi\Connection->execute('SELECT MAX(RIGH...')
#2 C:\xamppp\htdocs\kasircake-ci4\system\Database\BaseConnection.php(607): CodeIgniter\Database\BaseConnection->simpleQuery('SELECT MAX(RIGH...')
#3 C:\xamppp\htdocs\kasircake-ci4\app\Models\ModelPenjualan.php(12): CodeIgniter\Database\BaseConnection->query('SELECT MAX(RIGH...')
#4 C:\xamppp\htdocs\kasircake-ci4\app\Controllers\Penjualan.php(18): App\Models\ModelPenjualan->NoFaktur()
#5 C:\xamppp\htdocs\kasircake-ci4\system\CodeIgniter.php(941): App\Controllers\Penjualan->index()
#6 C:\xamppp\htdocs\kasircake-ci4\system\CodeIgniter.php(502): CodeIgniter\CodeIgniter->runController(Object(App\Controllers\Penjualan))
#7 C:\xamppp\htdocs\kasircake-ci4\system\CodeIgniter.php(361): CodeIgniter\CodeIgniter->handleRequest(NULL, Object(Config\Cache), false)
#8 C:\xamppp\htdocs\kasircake-ci4\public\index.php(79): CodeIgniter\CodeIgniter->run()
#9 {main}
CRITICAL - 2024-02-18 06:22:04 --> CodeIgniter\Database\Exceptions\DatabaseException: Table 'kasirkue.tbl_jual' doesn't exist
in SYSTEMPATH\Database\BaseConnection.php on line 647.
 1 APPPATH\Models\ModelPenjualan.php(12): CodeIgniter\Database\BaseConnection->query('SELECT MAX(RIGHT(no_faktur,4)) as no_urut from tbl_jual where DATE(tgl_jual)=\'20240218\'')
 2 APPPATH\Controllers\Penjualan.php(18): App\Models\ModelPenjualan->NoFaktur()
 3 SYSTEMPATH\CodeIgniter.php(941): App\Controllers\Penjualan->index()
 4 SYSTEMPATH\CodeIgniter.php(502): CodeIgniter\CodeIgniter->runController(Object(App\Controllers\Penjualan))
 5 SYSTEMPATH\CodeIgniter.php(361): CodeIgniter\CodeIgniter->handleRequest(null, Object(Config\Cache), false)
 6 FCPATH\index.php(79): CodeIgniter\CodeIgniter->run()
CRITICAL - 2024-02-18 06:22:04 --> [Caused by] CodeIgniter\Database\Exceptions\DatabaseException: Table 'kasirkue.tbl_jual' doesn't exist
in SYSTEMPATH\Database\MySQLi\Connection.php on line 311.
 1 SYSTEMPATH\Database\BaseConnection.php(693): CodeIgniter\Database\MySQLi\Connection->execute('SELECT MAX(RIGHT(no_faktur,4)) as no_urut from tbl_jual where DATE(tgl_jual)=\'20240218\'')
 2 SYSTEMPATH\Database\BaseConnection.php(607): CodeIgniter\Database\BaseConnection->simpleQuery('SELECT MAX(RIGHT(no_faktur,4)) as no_urut from tbl_jual where DATE(tgl_jual)=\'20240218\'')
 3 APPPATH\Models\ModelPenjualan.php(12): CodeIgniter\Database\BaseConnection->query('SELECT MAX(RIGHT(no_faktur,4)) as no_urut from tbl_jual where DATE(tgl_jual)=\'20240218\'')
 4 APPPATH\Controllers\Penjualan.php(18): App\Models\ModelPenjualan->NoFaktur()
 5 SYSTEMPATH\CodeIgniter.php(941): App\Controllers\Penjualan->index()
 6 SYSTEMPATH\CodeIgniter.php(502): CodeIgniter\CodeIgniter->runController(Object(App\Controllers\Penjualan))
 7 SYSTEMPATH\CodeIgniter.php(361): CodeIgniter\CodeIgniter->handleRequest(null, Object(Config\Cache), false)
 8 FCPATH\index.php(79): CodeIgniter\CodeIgniter->run()
CRITICAL - 2024-02-18 06:22:04 --> [Caused by] mysqli_sql_exception: Table 'kasirkue.tbl_jual' doesn't exist
in SYSTEMPATH\Database\MySQLi\Connection.php on line 306.
 1 SYSTEMPATH\Database\MySQLi\Connection.php(306): mysqli->query('SELECT MAX(RIGHT(no_faktur,4)) as no_urut from tbl_jual where DATE(tgl_jual)=\'20240218\'', 0)
 2 SYSTEMPATH\Database\BaseConnection.php(693): CodeIgniter\Database\MySQLi\Connection->execute('SELECT MAX(RIGHT(no_faktur,4)) as no_urut from tbl_jual where DATE(tgl_jual)=\'20240218\'')
 3 SYSTEMPATH\Database\BaseConnection.php(607): CodeIgniter\Database\BaseConnection->simpleQuery('SELECT MAX(RIGHT(no_faktur,4)) as no_urut from tbl_jual where DATE(tgl_jual)=\'20240218\'')
 4 APPPATH\Models\ModelPenjualan.php(12): CodeIgniter\Database\BaseConnection->query('SELECT MAX(RIGHT(no_faktur,4)) as no_urut from tbl_jual where DATE(tgl_jual)=\'20240218\'')
 5 APPPATH\Controllers\Penjualan.php(18): App\Models\ModelPenjualan->NoFaktur()
 6 SYSTEMPATH\CodeIgniter.php(941): App\Controllers\Penjualan->index()
 7 SYSTEMPATH\CodeIgniter.php(502): CodeIgniter\CodeIgniter->runController(Object(App\Controllers\Penjualan))
 8 SYSTEMPATH\CodeIgniter.php(361): CodeIgniter\CodeIgniter->handleRequest(null, Object(Config\Cache), false)
 9 FCPATH\index.php(79): CodeIgniter\CodeIgniter->run()
WARNING - 2024-02-18 06:23:01 --> [DEPRECATED] Creation of dynamic property App\Controllers\Penjualan::$ModelPenjualan is deprecated in APPPATH\Controllers\Penjualan.php on line 12.
 1 SYSTEMPATH\CodeIgniter.php(913): App\Controllers\Penjualan->__construct()
 2 SYSTEMPATH\CodeIgniter.php(493): CodeIgniter\CodeIgniter->createController()
 3 SYSTEMPATH\CodeIgniter.php(361): CodeIgniter\CodeIgniter->handleRequest(null, Object(Config\Cache), false)
 4 FCPATH\index.php(79): CodeIgniter\CodeIgniter->run()
ERROR - 2024-02-18 06:23:01 --> mysqli_sql_exception: Unknown column 'tgl_jual' in 'where clause' in C:\xamppp\htdocs\kasircake-ci4\system\Database\MySQLi\Connection.php:306
Stack trace:
#0 C:\xamppp\htdocs\kasircake-ci4\system\Database\MySQLi\Connection.php(306): mysqli->query('SELECT MAX(RIGH...', 0)
#1 C:\xamppp\htdocs\kasircake-ci4\system\Database\BaseConnection.php(693): CodeIgniter\Database\MySQLi\Connection->execute('SELECT MAX(RIGH...')
#2 C:\xamppp\htdocs\kasircake-ci4\system\Database\BaseConnection.php(607): CodeIgniter\Database\BaseConnection->simpleQuery('SELECT MAX(RIGH...')
#3 C:\xamppp\htdocs\kasircake-ci4\app\Models\ModelPenjualan.php(12): CodeIgniter\Database\BaseConnection->query('SELECT MAX(RIGH...')
#4 C:\xamppp\htdocs\kasircake-ci4\app\Controllers\Penjualan.php(18): App\Models\ModelPenjualan->NoFaktur()
#5 C:\xamppp\htdocs\kasircake-ci4\system\CodeIgniter.php(941): App\Controllers\Penjualan->index()
#6 C:\xamppp\htdocs\kasircake-ci4\system\CodeIgniter.php(502): CodeIgniter\CodeIgniter->runController(Object(App\Controllers\Penjualan))
#7 C:\xamppp\htdocs\kasircake-ci4\system\CodeIgniter.php(361): CodeIgniter\CodeIgniter->handleRequest(NULL, Object(Config\Cache), false)
#8 C:\xamppp\htdocs\kasircake-ci4\public\index.php(79): CodeIgniter\CodeIgniter->run()
#9 {main}
CRITICAL - 2024-02-18 06:23:01 --> CodeIgniter\Database\Exceptions\DatabaseException: Unknown column 'tgl_jual' in 'where clause'
in SYSTEMPATH\Database\BaseConnection.php on line 647.
 1 APPPATH\Models\ModelPenjualan.php(12): CodeIgniter\Database\BaseConnection->query('SELECT MAX(RIGHT(no_faktur,4)) as no_urut from penjualan where DATE(tgl_jual)=\'20240218\'')
 2 APPPATH\Controllers\Penjualan.php(18): App\Models\ModelPenjualan->NoFaktur()
 3 SYSTEMPATH\CodeIgniter.php(941): App\Controllers\Penjualan->index()
 4 SYSTEMPATH\CodeIgniter.php(502): CodeIgniter\CodeIgniter->runController(Object(App\Controllers\Penjualan))
 5 SYSTEMPATH\CodeIgniter.php(361): CodeIgniter\CodeIgniter->handleRequest(null, Object(Config\Cache), false)
 6 FCPATH\index.php(79): CodeIgniter\CodeIgniter->run()
CRITICAL - 2024-02-18 06:23:01 --> [Caused by] CodeIgniter\Database\Exceptions\DatabaseException: Unknown column 'tgl_jual' in 'where clause'
in SYSTEMPATH\Database\MySQLi\Connection.php on line 311.
 1 SYSTEMPATH\Database\BaseConnection.php(693): CodeIgniter\Database\MySQLi\Connection->execute('SELECT MAX(RIGHT(no_faktur,4)) as no_urut from penjualan where DATE(tgl_jual)=\'20240218\'')
 2 SYSTEMPATH\Database\BaseConnection.php(607): CodeIgniter\Database\BaseConnection->simpleQuery('SELECT MAX(RIGHT(no_faktur,4)) as no_urut from penjualan where DATE(tgl_jual)=\'20240218\'')
 3 APPPATH\Models\ModelPenjualan.php(12): CodeIgniter\Database\BaseConnection->query('SELECT MAX(RIGHT(no_faktur,4)) as no_urut from penjualan where DATE(tgl_jual)=\'20240218\'')
 4 APPPATH\Controllers\Penjualan.php(18): App\Models\ModelPenjualan->NoFaktur()
 5 SYSTEMPATH\CodeIgniter.php(941): App\Controllers\Penjualan->index()
 6 SYSTEMPATH\CodeIgniter.php(502): CodeIgniter\CodeIgniter->runController(Object(App\Controllers\Penjualan))
 7 SYSTEMPATH\CodeIgniter.php(361): CodeIgniter\CodeIgniter->handleRequest(null, Object(Config\Cache), false)
 8 FCPATH\index.php(79): CodeIgniter\CodeIgniter->run()
CRITICAL - 2024-02-18 06:23:01 --> [Caused by] mysqli_sql_exception: Unknown column 'tgl_jual' in 'where clause'
in SYSTEMPATH\Database\MySQLi\Connection.php on line 306.
 1 SYSTEMPATH\Database\MySQLi\Connection.php(306): mysqli->query('SELECT MAX(RIGHT(no_faktur,4)) as no_urut from penjualan where DATE(tgl_jual)=\'20240218\'', 0)
 2 SYSTEMPATH\Database\BaseConnection.php(693): CodeIgniter\Database\MySQLi\Connection->execute('SELECT MAX(RIGHT(no_faktur,4)) as no_urut from penjualan where DATE(tgl_jual)=\'20240218\'')
 3 SYSTEMPATH\Database\BaseConnection.php(607): CodeIgniter\Database\BaseConnection->simpleQuery('SELECT MAX(RIGHT(no_faktur,4)) as no_urut from penjualan where DATE(tgl_jual)=\'20240218\'')
 4 APPPATH\Models\ModelPenjualan.php(12): CodeIgniter\Database\BaseConnection->query('SELECT MAX(RIGHT(no_faktur,4)) as no_urut from penjualan where DATE(tgl_jual)=\'20240218\'')
 5 APPPATH\Controllers\Penjualan.php(18): App\Models\ModelPenjualan->NoFaktur()
 6 SYSTEMPATH\CodeIgniter.php(941): App\Controllers\Penjualan->index()
 7 SYSTEMPATH\CodeIgniter.php(502): CodeIgniter\CodeIgniter->runController(Object(App\Controllers\Penjualan))
 8 SYSTEMPATH\CodeIgniter.php(361): CodeIgniter\CodeIgniter->handleRequest(null, Object(Config\Cache), false)
 9 FCPATH\index.php(79): CodeIgniter\CodeIgniter->run()
WARNING - 2024-02-18 06:23:20 --> [DEPRECATED] Creation of dynamic property App\Controllers\Penjualan::$ModelPenjualan is deprecated in APPPATH\Controllers\Penjualan.php on line 12.
 1 SYSTEMPATH\CodeIgniter.php(913): App\Controllers\Penjualan->__construct()
 2 SYSTEMPATH\CodeIgniter.php(493): CodeIgniter\CodeIgniter->createController()
 3 SYSTEMPATH\CodeIgniter.php(361): CodeIgniter\CodeIgniter->handleRequest(null, Object(Config\Cache), false)
 4 FCPATH\index.php(79): CodeIgniter\CodeIgniter->run()
INFO - 2024-02-18 06:23:20 --> Session: Class initialized using 'CodeIgniter\Session\Handlers\FileHandler' driver.
CRITICAL - 2024-02-18 06:24:35 --> ErrorException: Undefined property: App\Controllers\Penjualan::$ModelPenjualan
in APPPATH\Controllers\Penjualan.php on line 18.
 1 APPPATH\Controllers\Penjualan.php(18): CodeIgniter\Debug\Exceptions->errorHandler(2, 'Undefined property: App\\Controllers\\Penjualan::$ModelPenjualan', 'C:\\xamppp\\htdocs\\kasircake-ci4\\app\\Controllers\\Penjualan.php', 18)
 2 SYSTEMPATH\CodeIgniter.php(941): App\Controllers\Penjualan->index()
 3 SYSTEMPATH\CodeIgniter.php(502): CodeIgniter\CodeIgniter->runController(Object(App\Controllers\Penjualan))
 4 SYSTEMPATH\CodeIgniter.php(361): CodeIgniter\CodeIgniter->handleRequest(null, Object(Config\Cache), false)
 5 FCPATH\index.php(79): CodeIgniter\CodeIgniter->run()
CRITICAL - 2024-02-18 06:25:07 --> ErrorException: Undefined property: App\Controllers\Penjualan::$ModelPenjualan
in APPPATH\Controllers\Penjualan.php on line 18.
 1 APPPATH\Controllers\Penjualan.php(18): CodeIgniter\Debug\Exceptions->errorHandler(2, 'Undefined property: App\\Controllers\\Penjualan::$ModelPenjualan', 'C:\\xamppp\\htdocs\\kasircake-ci4\\app\\Controllers\\Penjualan.php', 18)
 2 SYSTEMPATH\CodeIgniter.php(941): App\Controllers\Penjualan->index()
 3 SYSTEMPATH\CodeIgniter.php(502): CodeIgniter\CodeIgniter->runController(Object(App\Controllers\Penjualan))
 4 SYSTEMPATH\CodeIgniter.php(361): CodeIgniter\CodeIgniter->handleRequest(null, Object(Config\Cache), false)
 5 FCPATH\index.php(79): CodeIgniter\CodeIgniter->run()
CRITICAL - 2024-02-18 06:25:09 --> ErrorException: Undefined property: App\Controllers\Penjualan::$ModelPenjualan
in APPPATH\Controllers\Penjualan.php on line 18.
 1 APPPATH\Controllers\Penjualan.php(18): CodeIgniter\Debug\Exceptions->errorHandler(2, 'Undefined property: App\\Controllers\\Penjualan::$ModelPenjualan', 'C:\\xamppp\\htdocs\\kasircake-ci4\\app\\Controllers\\Penjualan.php', 18)
 2 SYSTEMPATH\CodeIgniter.php(941): App\Controllers\Penjualan->index()
 3 SYSTEMPATH\CodeIgniter.php(502): CodeIgniter\CodeIgniter->runController(Object(App\Controllers\Penjualan))
 4 SYSTEMPATH\CodeIgniter.php(361): CodeIgniter\CodeIgniter->handleRequest(null, Object(Config\Cache), false)
 5 FCPATH\index.php(79): CodeIgniter\CodeIgniter->run()
INFO - 2024-02-18 06:25:51 --> Session: Class initialized using 'CodeIgniter\Session\Handlers\FileHandler' driver.
INFO - 2024-02-18 06:26:40 --> Session: Class initialized using 'CodeIgniter\Session\Handlers\FileHandler' driver.
INFO - 2024-02-18 06:28:34 --> Session: Class initialized using 'CodeIgniter\Session\Handlers\FileHandler' driver.
INFO - 2024-02-18 06:28:41 --> Session: Class initialized using 'CodeIgniter\Session\Handlers\FileHandler' driver.
INFO - 2024-02-18 06:28:46 --> Session: Class initialized using 'CodeIgniter\Session\Handlers\FileHandler' driver.
INFO - 2024-02-18 06:28:49 --> Session: Class initialized using 'CodeIgniter\Session\Handlers\FileHandler' driver.
INFO - 2024-02-18 06:28:53 --> Session: Class initialized using 'CodeIgniter\Session\Handlers\FileHandler' driver.
CRITICAL - 2024-02-18 06:28:53 --> ErrorException: Undefined array key "nama_user"
in APPPATH\Views\v_user.php on line 39.
 1 APPPATH\Views\v_user.php(39): CodeIgniter\Debug\Exceptions->errorHandler(2, 'Undefined array key "nama_user"', 'C:\\xamppp\\htdocs\\kasircake-ci4\\app\\Views\\v_user.php', 39)
 2 SYSTEMPATH\View\View.php(228): include('C:\\xamppp\\htdocs\\kasircake-ci4\\app\\Views\\v_user.php')
 3 SYSTEMPATH\View\View.php(231): CodeIgniter\View\View->CodeIgniter\View\{closure}()
 4 SYSTEMPATH\Common.php(1178): CodeIgniter\View\View->render('v_user', [], true)
 5 APPPATH\Views\v_template.php(150): view('v_user')
 6 SYSTEMPATH\View\View.php(228): include('C:\\xamppp\\htdocs\\kasircake-ci4\\app\\Views\\v_template.php')
 7 SYSTEMPATH\View\View.php(231): CodeIgniter\View\View->CodeIgniter\View\{closure}()
 8 SYSTEMPATH\Common.php(1178): CodeIgniter\View\View->render('v_template', [], true)
 9 APPPATH\Controllers\User.php(27): view('v_template', [...])
10 SYSTEMPATH\CodeIgniter.php(941): App\Controllers\User->index()
11 SYSTEMPATH\CodeIgniter.php(502): CodeIgniter\CodeIgniter->runController(Object(App\Controllers\User))
12 SYSTEMPATH\CodeIgniter.php(361): CodeIgniter\CodeIgniter->handleRequest(null, Object(Config\Cache), false)
13 FCPATH\index.php(79): CodeIgniter\CodeIgniter->run()
INFO - 2024-02-18 06:28:57 --> Session: Class initialized using 'CodeIgniter\Session\Handlers\FileHandler' driver.
INFO - 2024-02-18 06:28:59 --> Session: Class initialized using 'CodeIgniter\Session\Handlers\FileHandler' driver.
INFO - 2024-02-18 06:29:04 --> Session: Class initialized using 'CodeIgniter\Session\Handlers\FileHandler' driver.
